<?xml version="1.0" encoding="UTF-8"?>
<!-- Generated by org.testng.reporters.JUnitReportReporter -->
<testsuite skipped="0" hostname="DESKTOP-DGSTKNU" name="org.test.git" tests="1" failures="0" timestamp="07 Nov 2022 04:20:13 GMT" time="0.020" errors="0">
  <testcase name="test1" time="0.020" classname="org.test.git"/>
</testsuite> <!-- org.test.git -->
